<?xml version="1.0" encoding="UTF-8"?>
<!-- Generated by org.testng.reporters.JUnitReportReporter -->
<testsuite hostname="sreedevi" failures="0" tests="1" name="TestScript.AdminUsersTest" time="11.654" errors="0" timestamp="2025-01-15T17:11:45 IST" skipped="0">
  <testcase classname="TestScript.AdminUsersTest" name="verifyTheUserIsAbleToDeleteTheAdminUserDetails" time="11.654"/>
  <system-out/>
</testsuite> <!-- TestScript.AdminUsersTest -->
