<?xml version="1.0" encoding="UTF-8"?>
<!-- Generated by org.testng.reporters.JUnitReportReporter -->
<testsuite hostname="sreedevi" failures="0" tests="1" name="TestScript.ManageContactText" time="7.926" errors="0" timestamp="2025-01-15T17:15:44 IST" skipped="0">
  <testcase classname="TestScript.ManageContactText" name="verifyTheUpdateButtonIsDisplyedSuccessfully" time="7.926"/>
  <system-out/>
</testsuite> <!-- TestScript.ManageContactText -->
