<?xml version="1.0" encoding="UTF-8"?>
<!-- Generated by org.testng.reporters.JUnitReportReporter -->
<testsuite hostname="sreedevi" failures="0" tests="1" name="TestScript.ManageNewsTest" time="7.855" errors="0" timestamp="2025-01-17T11:10:08 IST" skipped="0">
  <testcase classname="TestScript.ManageNewsTest" name="verifyTheUserIsAbleToAddTheNews" time="7.855"/>
</testsuite> <!-- TestScript.ManageNewsTest -->
