<?xml version="1.0" encoding="UTF-8"?>
<!-- Generated by org.testng.reporters.JUnitReportReporter -->
<testsuite hostname="sreedevi" failures="0" tests="1" name="TestScript.ManageProductTest" time="7.549" errors="0" timestamp="2025-01-07T21:32:27 IST" skipped="0">
  <testcase classname="TestScript.ManageProductTest" name="verifyTheUserIsAbleToLoginUsingValidCredentials" time="7.549"/>
  <system-out/>
</testsuite> <!-- TestScript.ManageProductTest -->
