<?xml version="1.0" encoding="UTF-8"?>
<!-- Generated by org.testng.reporters.JUnitReportReporter -->
<testsuite hostname="sreedevi" failures="0" tests="1" name="TestScript.ManageNewsTest" time="8.602" errors="0" timestamp="2025-01-15T17:19:10 IST" skipped="0">
  <testcase classname="TestScript.ManageNewsTest" name="verifyTheUserIsAbleToLoginUsingValidCredentials" time="8.602"/>
  <system-out/>
</testsuite> <!-- TestScript.ManageNewsTest -->
