<?xml version="1.0" encoding="UTF-8"?>
<!-- Generated by org.testng.reporters.JUnitReportReporter -->
<testsuite hostname="sreedevi" failures="0" tests="1" name="TestScript.ManageFooterUpdatebuttonTest" time="5.748" errors="0" timestamp="2025-01-02T00:25:31 IST" skipped="0">
  <testcase classname="TestScript.ManageFooterUpdatebuttonTest" name="verifyIfTheUpdateButtonisDisplayedOrNot" time="5.748"/>
  <system-out/>
</testsuite> <!-- TestScript.ManageFooterUpdatebuttonTest -->
