<?xml version="1.0" encoding="UTF-8"?>
<!-- Generated by org.testng.reporters.JUnitReportReporter -->
<testsuite hostname="sreedevi" failures="0" tests="2" name="TestScript.LoginTest" time="13.708" errors="0" timestamp="2025-01-17T11:09:43 IST" skipped="0">
  <testcase classname="TestScript.LoginTest" name="verifyTheUserIsAbleToLoginUsingValidCredentials" time="7.651"/>
  <testcase classname="TestScript.LoginTest" name="verifyTheUserIsAbleToLoginUsingValidCredentials" time="6.057"/>
</testsuite> <!-- TestScript.LoginTest -->
