<?xml version="1.0" encoding="UTF-8"?>
<!-- Generated by org.testng.reporters.JUnitReportReporter -->
<testsuite hostname="sreedevi" failures="0" tests="1" name="TestScript.SubCategoryTest" time="7.842" errors="0" timestamp="2025-01-14T16:47:23 IST" skipped="0">
  <testcase classname="TestScript.SubCategoryTest" name="verifyTheUserIsAbleToAddSubCategory" time="7.842"/>
  <system-out/>
</testsuite> <!-- TestScript.SubCategoryTest -->
