<?xml version="1.0" encoding="UTF-8"?>
<!-- Generated by org.testng.reporters.JUnitReportReporter -->
<testsuite hostname="sreedevi" failures="0" tests="1" name="TestScript.ManageContactUpdateButtonTest" time="8.554" errors="0" timestamp="2025-01-13T12:43:34 IST" skipped="0">
  <testcase classname="TestScript.ManageContactUpdateButtonTest" name="verifyTheUpdateButtonIsDisplyedSuccessfully" time="8.554"/>
  <system-out/>
</testsuite> <!-- TestScript.ManageContactUpdateButtonTest -->
