<?xml version="1.0" encoding="UTF-8"?>
<!-- Generated by org.testng.reporters.JUnitReportReporter -->
<testsuite hostname="sreedevi" failures="0" tests="1" name="TestScript.ManageFooterTextTest" time="8.232" errors="0" timestamp="2025-01-15T17:17:50 IST" skipped="0">
  <testcase classname="TestScript.ManageFooterTextTest" name="verifyIfTheUpdateButtonisDisplayedOrNot" time="8.232"/>
  <system-out/>
</testsuite> <!-- TestScript.ManageFooterTextTest -->
