<?xml version="1.0" encoding="UTF-8"?>
<!-- Generated by org.testng.reporters.JUnitReportReporter -->
<testsuite hostname="sreedevi" failures="0" tests="2" name="TestScript.LoginTest" time="22.762" errors="0" timestamp="2025-01-08T20:47:48 IST" skipped="0">
  <testcase classname="TestScript.LoginTest" name="verifyTheUserIsAbleToLoginUsingValidCredentials" time="12.367"/>
  <system-out/>
  <testcase classname="TestScript.LoginTest" name="verifyTheUserIsAbleToLoginUsingValidCredentials" time="10.395"/>
  <system-out/>
</testsuite> <!-- TestScript.LoginTest -->
