<?xml version="1.0" encoding="UTF-8"?>
<!-- Generated by org.testng.reporters.JUnitReportReporter -->
<testsuite hostname="sreedevi" failures="0" tests="1" name="TestScript.AdminUserDeleteTest" time="11.320" errors="0" timestamp="2025-01-13T12:32:35 IST" skipped="0">
  <testcase classname="TestScript.AdminUserDeleteTest" name="verifyTheUserIsAbleToDeleteTheAdminUserDetails" time="11.320"/>
  <system-out/>
</testsuite> <!-- TestScript.AdminUserDeleteTest -->
