<?xml version="1.0" encoding="UTF-8"?>
<!-- Generated by org.testng.reporters.JUnitReportReporter -->
<testsuite hostname="sreedevi" failures="0" tests="1" name="TestScript.HomeTest" time="7.337" errors="0" timestamp="2025-01-13T13:03:00 IST" skipped="0">
  <testcase classname="TestScript.HomeTest" name="verifyTheUserIsAbleToLogoutTheHomePage" time="7.337"/>
  <system-out/>
</testsuite> <!-- TestScript.HomeTest -->
